<?xml version="1.0" encoding="UTF-8"?>
<testsuite xmlns:xsi="http://www.w3.org/2001/XMLSchema-instance" xsi:noNamespaceSchemaLocation="https://maven.apache.org/surefire/maven-surefire-plugin/xsd/surefire-test-report-3.0.xsd" version="3.0" name="examples.ExamplesTest" time="9.756" tests="1" errors="0" skipped="0" failures="0">
  <properties>
[...]
</properties>
  <testcase name="testParallel" classname="examples.ExamplesTest" time="9.72">
    <system-out><![CDATA[18:03:26.532 [main] INFO  com.intuit.karate.Runner - using system property 'karate.options': --tags @Test
18:03:27.667 [main] DEBUG com.intuit.karate.Suite - [config] classpath:karate-config.js
18:03:29.169 [pool-2-thread-4] INFO  com.intuit.karate - karate.env system property was: null 
18:03:29.238 [pool-2-thread-2] INFO  com.intuit.karate - karate.env system property was: null 
18:03:29.243 [pool-2-thread-5] INFO  com.intuit.karate - karate.env system property was: null 
18:03:29.247 [pool-2-thread-1] INFO  com.intuit.karate - karate.env system property was: null 
18:03:29.249 [pool-2-thread-3] INFO  com.intuit.karate - karate.env system property was: null 
18:03:29.335 [pool-2-thread-4] INFO  c.intuit.karate.core.FeatureRuntime - classpath:examples/clockifyTP11/clockify.feature - call by tag at line 9: GetWorkspaces
18:03:29.336 [pool-2-thread-5] INFO  c.intuit.karate.core.FeatureRuntime - classpath:examples/clockifyTP11/clockify.feature - call by tag at line 9: GetWorkspaces
18:03:29.336 [pool-2-thread-3] INFO  c.intuit.karate.core.FeatureRuntime - classpath:examples/clockifyTP11/clockify.feature - call by tag at line 9: GetWorkspaces
18:03:29.336 [pool-2-thread-2] INFO  c.intuit.karate.core.FeatureRuntime - classpath:examples/clockifyTP11/clockify.feature - call by tag at line 9: GetWorkspaces
18:03:29.953 [pool-2-thread-1] DEBUG com.intuit.karate - request:
1 > GET https://api.clockify.me/api/v1/workspaces
1 > x-api-key: ZjdkMjY5MmEtNGM1MS00ZTdiLTlmNzAtYjA4YmEyY2Q3OGVk
1 > Host: api.clockify.me
1 > Connection: Keep-Alive
1 > User-Agent: Apache-HttpClient/4.5.14 (Java/17.0.8)
1 > Accept-Encoding: gzip,deflate


18:03:29.954 [pool-2-thread-5] DEBUG com.intuit.karate - request:
1 > GET https://api.clockify.me/api/v1/workspaces
1 > x-api-key: ZjdkMjY5MmEtNGM1MS00ZTdiLTlmNzAtYjA4YmEyY2Q3OGVk
1 > Host: api.clockify.me
1 > Connection: Keep-Alive
1 > User-Agent: Apache-HttpClient/4.5.14 (Java/17.0.8)
1 > Accept-Encoding: gzip,deflate


18:03:29.954 [pool-2-thread-4] DEBUG com.intuit.karate - request:
1 > GET https://api.clockify.me/api/v1/workspaces
1 > x-api-key: ZjdkMjY5MmEtNGM1MS00ZTdiLTlmNzAtYjA4YmEyY2Q3OGVk
1 > Host: api.clockify.me
1 > Connection: Keep-Alive
1 > User-Agent: Apache-HttpClient/4.5.14 (Java/17.0.8)
1 > Accept-Encoding: gzip,deflate


18:03:29.954 [pool-2-thread-2] DEBUG com.intuit.karate - request:
1 > GET https://api.clockify.me/api/v1/workspaces
1 > x-api-key: ZjdkMjY5MmEtNGM1MS00ZTdiLTlmNzAtYjA4YmEyY2Q3OGVk
1 > Host: api.clockify.me
1 > Connection: Keep-Alive
1 > User-Agent: Apache-HttpClient/4.5.14 (Java/17.0.8)
1 > Accept-Encoding: gzip,deflate


18:03:29.954 [pool-2-thread-3] DEBUG com.intuit.karate - request:
1 > GET https://api.clockify.me/api/v1/workspaces
1 > x-api-key: ZjdkMjY5MmEtNGM1MS00ZTdiLTlmNzAtYjA4YmEyY2Q3OGVk
1 > Host: api.clockify.me
1 > Connection: Keep-Alive
1 > User-Agent: Apache-HttpClient/4.5.14 (Java/17.0.8)
1 > Accept-Encoding: gzip,deflate


18:03:31.400 [pool-2-thread-1] DEBUG com.intuit.karate - response time in milliseconds: 1428
1 < 200
1 < Date: Sat, 08 Jun 2024 21:03:31 GMT
1 < Content-Type: application/json
1 < Transfer-Encoding: chunked
1 < Connection: keep-alive
1 < Cache-Control: no-cache, no-store, max-age=0, must-revalidate
1 < Expected-Client-Version: 1.0.0
1 < Expires: 0
1 < Pragma: no-cache
1 < Strict-Transport-Security: max-age=31536000 ; includeSubDomains
1 < Vary: Origin
1 < Vary: Access-Control-Request-Method
1 < Vary: Access-Control-Request-Headers
1 < X-Auth-Checksum: b2f13ab25ead7d939b768a42cd5ba050da088a1058e76120afa944da95ecb22d
1 < X-Content-Type-Options: nosniff
1 < X-Frame-Options: DENY
1 < X-Xss-Protection: 0
[{"id":"661852bc9a7c235bdeccd1c0","name":"AAT - TP1 Gherkin","hourlyRate":{"amount":0,"currency":"USD"},"costRate":{"amount":0,"currency":"USD"},"memberships":[{"userId":"65383a07205d0441c5269f46","hourlyRate":null,"costRate":null,"targetId":"661852bc9a7c235bdeccd1c0","membershipType":"WORKSPACE","membershipStatus":"ACTIVE"}],"workspaceSettings":{"timeRoundingInReports":false,"onlyAdminsSeeBillableRates":true,"onlyAdminsCreateProject":true,"onlyAdminsSeeDashboard":false,"defaultBillableProjects":true,"lockTimeEntries":null,"lockTimeZone":null,"round":{"round":"Round to nearest","minutes":"15"},"projectFavorites":true,"canSeeTimeSheet":false,"canSeeTracker":true,"projectPickerSpecialFilter":false,"forceProjects":false,"forceTasks":false,"forceTags":false,"forceDescription":false,"onlyAdminsSeeAllTimeEntries":false,"onlyAdminsSeePublicProjectsEntries":false,"trackTimeDownToSecond":true,"projectGroupingLabel":"client","adminOnlyPages":[],"automaticLock":null,"onlyAdminsCreateTag":false,"onlyAdminsCreateTask":false,"timeTrackingMode":"DEFAULT","multiFactorEnabled":false,"numberFormat":"PERIOD_COMMA","currencyFormat":"VALUE_SPACE_CURRENCY","decimalFormat":false,"isProjectPublicByDefault":true},"imageUrl":"","featureSubscriptionType":"FREE","features":["KIOSK","TIME_TRACKING"],"currencies":[{"id":"661852bc9a7c235bdeccd1c1","code":"USD","isDefault":true}],"subdomain":{"name":null,"enabled":false}},{"id":"6631a76d5e8ef3683b67dcc6","name":"TP3_WEB","hourlyRate":{"amount":0,"currency":"USD"},"costRate":{"amount":0,"currency":"USD"},"memberships":[{"userId":"65383a07205d0441c5269f46","hourlyRate":null,"costRate":null,"targetId":"6631a76d5e8ef3683b67dcc6","membershipType":"WORKSPACE","membershipStatus":"ACTIVE"}],"workspaceSettings":{"timeRoundingInReports":false,"onlyAdminsSeeBillableRates":true,"onlyAdminsCreateProject":true,"onlyAdminsSeeDashboard":false,"defaultBillableProjects":false,"lockTimeEntries":null,"lockTimeZone":null,"round":{"round":"Round to nearest","minutes":"15"},"projectFavorites":true,"canSeeTimeSheet":false,"canSeeTracker":true,"projectPickerSpecialFilter":false,"forceProjects":false,"forceTasks":false,"forceTags":false,"forceDescription":false,"onlyAdminsSeeAllTimeEntries":false,"onlyAdminsSeePublicProjectsEntries":false,"trackTimeDownToSecond":true,"projectGroupingLabel":"client","adminOnlyPages":[],"automaticLock":null,"onlyAdminsCreateTag":false,"onlyAdminsCreateTask":false,"timeTrackingMode":"DEFAULT","multiFactorEnabled":false,"numberFormat":"PERIOD_COMMA","currencyFormat":"VALUE_SPACE_CURRENCY","decimalFormat":false,"isProjectPublicByDefault":true},"imageUrl":"","featureSubscriptionType":"FREE","features":["KIOSK","TIME_TRACKING"],"currencies":[{"id":"6631a76d5e8ef3683b67dcc7","code":"USD","isDefault":true}],"subdomain":{"name":null,"enabled":false}},{"id":"66334784fdaf936e90223d5f","name":"workspace_KncxI","hourlyRate":{"amount":0,"currency":"USD"},"costRate":{"amount":0,"currency":"USD"},"memberships":[{"userId":"65383a07205d0441c5269f46","hourlyRate":null,"costRate":null,"targetId":"66334784fdaf936e90223d5f","membershipType":"WORKSPACE","membershipStatus":"ACTIVE"}],"workspaceSettings":{"timeRoundingInReports":false,"onlyAdminsSeeBillableRates":true,"onlyAdminsCreateProject":true,"onlyAdminsSeeDashboard":false,"defaultBillableProjects":true,"lockTimeEntries":null,"lockTimeZone":null,"round":{"round":"Round to nearest","minutes":"15"},"projectFavorites":true,"canSeeTimeSheet":false,"canSeeTracker":true,"projectPickerSpecialFilter":false,"forceProjects":false,"forceTasks":false,"forceTags":false,"forceDescription":false,"onlyAdminsSeeAllTimeEntries":false,"onlyAdminsSeePublicProjectsEntries":false,"trackTimeDownToSecond":true,"projectGroupingLabel":"client","adminOnlyPages":[],"automaticLock":null,"onlyAdminsCreateTag":false,"onlyAdminsCreateTask":false,"timeTrackingMode":"DEFAULT","multiFactorEnabled":false,"numberFormat":"PERIOD_COMMA","currencyFormat":"VALUE_SPACE_CURRENCY","decimalFormat":false,"isProjectPublicByDefault":true},"imageUrl":"","featureSubscriptionType":"FREE","features":["KIOSK","TIME_TRACKING"],"currencies":[{"id":"66334784fdaf936e90223d60","code":"USD","isDefault":true}],"subdomain":{"name":null,"enabled":false}},{"id":"6637d1a55e8ef3683be25af9","name":"TP4_LowCode","hourlyRate":{"amount":0,"currency":"USD"},"costRate":{"amount":0,"currency":"USD"},"memberships":[{"userId":"65383a07205d0441c5269f46","hourlyRate":null,"costRate":null,"targetId":"6637d1a55e8ef3683be25af9","membershipType":"WORKSPACE","membershipStatus":"ACTIVE"}],"workspaceSettings":{"timeRoundingInReports":false,"onlyAdminsSeeBillableRates":true,"onlyAdminsCreateProject":true,"onlyAdminsSeeDashboard":false,"defaultBillableProjects":true,"lockTimeEntries":null,"lockTimeZone":null,"round":{"round":"Round to nearest","minutes":"15"},"projectFavorites":true,"canSeeTimeSheet":false,"canSeeTracker":true,"projectPickerSpecialFilter":false,"forceProjects":false,"forceTasks":false,"forceTags":false,"forceDescription":false,"onlyAdminsSeeAllTimeEntries":false,"onlyAdminsSeePublicProjectsEntries":false,"trackTimeDownToSecond":true,"projectGroupingLabel":"client","adminOnlyPages":[],"automaticLock":null,"onlyAdminsCreateTag":false,"onlyAdminsCreateTask":false,"timeTrackingMode":"DEFAULT","multiFactorEnabled":false,"numberFormat":"PERIOD_COMMA","currencyFormat":"VALUE_SPACE_CURRENCY","decimalFormat":false,"isProjectPublicByDefault":true},"imageUrl":"","featureSubscriptionType":"FREE","features":["KIOSK","TIME_TRACKING"],"currencies":[{"id":"6637d1a55e8ef3683be25afa","code":"USD","isDefault":true}],"subdomain":{"name":null,"enabled":false}},{"id":"663d46cae45cba7471bfe206","name":"TP5_LowCode","hourlyRate":{"amount":0,"currency":"USD"},"costRate":{"amount":0,"currency":"USD"},"memberships":[{"userId":"65383a07205d0441c5269f46","hourlyRate":null,"costRate":null,"targetId":"663d46cae45cba7471bfe206","membershipType":"WORKSPACE","membershipStatus":"ACTIVE"}],"workspaceSettings":{"timeRoundingInReports":false,"onlyAdminsSeeBillableRates":true,"onlyAdminsCreateProject":true,"onlyAdminsSeeDashboard":false,"defaultBillableProjects":true,"lockTimeEntries":null,"lockTimeZone":null,"round":{"round":"Round to nearest","minutes":"15"},"projectFavorites":true,"canSeeTimeSheet":false,"canSeeTracker":true,"projectPickerSpecialFilter":false,"forceProjects":false,"forceTasks":false,"forceTags":false,"forceDescription":false,"onlyAdminsSeeAllTimeEntries":false,"onlyAdminsSeePublicProjectsEntries":false,"trackTimeDownToSecond":true,"projectGroupingLabel":"client","adminOnlyPages":[],"automaticLock":null,"onlyAdminsCreateTag":false,"onlyAdminsCreateTask":false,"timeTrackingMode":"DEFAULT","multiFactorEnabled":false,"numberFormat":"PERIOD_COMMA","currencyFormat":"VALUE_SPACE_CURRENCY","decimalFormat":false,"isProjectPublicByDefault":true},"imageUrl":"","featureSubscriptionType":"FREE","features":["KIOSK","TIME_TRACKING"],"currencies":[{"id":"663d46cae45cba7471bfe207","code":"USD","isDefault":true}],"subdomain":{"name":null,"enabled":false}},{"id":"6658b4606b12ad6955eddf60","name":"Created for TP5","hourlyRate":{"amount":0,"currency":"USD"},"costRate":{"amount":0,"currency":"USD"},"memberships":[{"userId":"65383a07205d0441c5269f46","hourlyRate":null,"costRate":null,"targetId":"6658b4606b12ad6955eddf60","membershipType":"WORKSPACE","membershipStatus":"ACTIVE"}],"workspaceSettings":{"timeRoundingInReports":false,"onlyAdminsSeeBillableRates":true,"onlyAdminsCreateProject":true,"onlyAdminsSeeDashboard":false,"defaultBillableProjects":true,"lockTimeEntries":null,"lockTimeZone":null,"round":{"round":"Round to nearest","minutes":"15"},"projectFavorites":true,"canSeeTimeSheet":false,"canSeeTracker":true,"projectPickerSpecialFilter":false,"forceProjects":false,"forceTasks":false,"forceTags":false,"forceDescription":false,"onlyAdminsSeeAllTimeEntries":false,"onlyAdminsSeePublicProjectsEntries":false,"trackTimeDownToSecond":true,"projectGroupingLabel":"client","adminOnlyPages":[],"automaticLock":null,"onlyAdminsCreateTag":false,"onlyAdminsCreateTask":false,"timeTrackingMode":"DEFAULT","multiFactorEnabled":false,"numberFormat":"PERIOD_COMMA","currencyFormat":"VALUE_SPACE_CURRENCY","decimalFormat":false,"isProjectPublicByDefault":true},"imageUrl":"","featureSubscriptionType":"FREE","features":["KIOSK","TIME_TRACKING"],"currencies":[{"id":"6658b4606b12ad6955eddf61","code":"USD","isDefault":true}],"subdomain":{"name":null,"enabled":false}},{"id":"6658fa08e4e4210690958492","name":"TP11_Karate","hourlyRate":{"amount":0,"currency":"USD"},"costRate":{"amount":0,"currency":"USD"},"memberships":[{"userId":"65383a07205d0441c5269f46","hourlyRate":null,"costRate":null,"targetId":"6658fa08e4e4210690958492","membershipType":"WORKSPACE","membershipStatus":"ACTIVE"}],"workspaceSettings":{"timeRoundingInReports":false,"onlyAdminsSeeBillableRates":true,"onlyAdminsCreateProject":true,"onlyAdminsSeeDashboard":false,"defaultBillableProjects":true,"lockTimeEntries":null,"lockTimeZone":null,"round":{"round":"Round to nearest","minutes":"15"},"projectFavorites":true,"canSeeTimeSheet":true,"canSeeTracker":true,"projectPickerSpecialFilter":false,"forceProjects":true,"forceTasks":false,"forceTags":false,"forceDescription":false,"onlyAdminsSeeAllTimeEntries":false,"onlyAdminsSeePublicProjectsEntries":false,"trackTimeDownToSecond":true,"projectGroupingLabel":"client","adminOnlyPages":[],"automaticLock":null,"onlyAdminsCreateTag":false,"onlyAdminsCreateTask":false,"timeTrackingMode":"DEFAULT","multiFactorEnabled":false,"numberFormat":"PERIOD_COMMA","currencyFormat":"VALUE_SPACE_CURRENCY","decimalFormat":false,"isProjectPublicByDefault":true},"imageUrl":"","featureSubscriptionType":"FREE","features":["KIOSK","TIME_TRACKING"],"currencies":[{"id":"6658fa08e4e4210690958493","code":"USD","isDefault":true}],"subdomain":{"name":null,"enabled":false}}]

18:03:31.400 [pool-2-thread-3] DEBUG com.intuit.karate - response time in milliseconds: 1425
1 < 200
1 < Date: Sat, 08 Jun 2024 21:03:31 GMT
1 < Content-Type: application/json
1 < Transfer-Encoding: chunked
1 < Connection: keep-alive
1 < Cache-Control: no-cache, no-store, max-age=0, must-revalidate
1 < Expected-Client-Version: 1.0.0
1 < Expires: 0
1 < Pragma: no-cache
1 < Strict-Transport-Security: max-age=31536000 ; includeSubDomains
1 < Vary: Origin
1 < Vary: Access-Control-Request-Method
1 < Vary: Access-Control-Request-Headers
1 < X-Auth-Checksum: b2f13ab25ead7d939b768a42cd5ba050da088a1058e76120afa944da95ecb22d
1 < X-Content-Type-Options: nosniff
1 < X-Frame-Options: DENY
1 < X-Xss-Protection: 0
[{"id":"661852bc9a7c235bdeccd1c0","name":"AAT - TP1 Gherkin","hourlyRate":{"amount":0,"currency":"USD"},"costRate":{"amount":0,"currency":"USD"},"memberships":[{"userId":"65383a07205d0441c5269f46","hourlyRate":null,"costRate":null,"targetId":"661852bc9a7c235bdeccd1c0","membershipType":"WORKSPACE","membershipStatus":"ACTIVE"}],"workspaceSettings":{"timeRoundingInReports":false,"onlyAdminsSeeBillableRates":true,"onlyAdminsCreateProject":true,"onlyAdminsSeeDashboard":false,"defaultBillableProjects":true,"lockTimeEntries":null,"lockTimeZone":null,"round":{"round":"Round to nearest","minutes":"15"},"projectFavorites":true,"canSeeTimeSheet":false,"canSeeTracker":true,"projectPickerSpecialFilter":false,"forceProjects":false,"forceTasks":false,"forceTags":false,"forceDescription":false,"onlyAdminsSeeAllTimeEntries":false,"onlyAdminsSeePublicProjectsEntries":false,"trackTimeDownToSecond":true,"projectGroupingLabel":"client","adminOnlyPages":[],"automaticLock":null,"onlyAdminsCreateTag":false,"onlyAdminsCreateTask":false,"timeTrackingMode":"DEFAULT","multiFactorEnabled":false,"numberFormat":"PERIOD_COMMA","currencyFormat":"VALUE_SPACE_CURRENCY","decimalFormat":false,"isProjectPublicByDefault":true},"imageUrl":"","featureSubscriptionType":"FREE","features":["TIME_TRACKING","KIOSK"],"currencies":[{"id":"661852bc9a7c235bdeccd1c1","code":"USD","isDefault":true}],"subdomain":{"name":null,"enabled":false}},{"id":"6631a76d5e8ef3683b67dcc6","name":"TP3_WEB","hourlyRate":{"amount":0,"currency":"USD"},"costRate":{"amount":0,"currency":"USD"},"memberships":[{"userId":"65383a07205d0441c5269f46","hourlyRate":null,"costRate":null,"targetId":"6631a76d5e8ef3683b67dcc6","membershipType":"WORKSPACE","membershipStatus":"ACTIVE"}],"workspaceSettings":{"timeRoundingInReports":false,"onlyAdminsSeeBillableRates":true,"onlyAdminsCreateProject":true,"onlyAdminsSeeDashboard":false,"defaultBillableProjects":false,"lockTimeEntries":null,"lockTimeZone":null,"round":{"round":"Round to nearest","minutes":"15"},"projectFavorites":true,"canSeeTimeSheet":false,"canSeeTracker":true,"projectPickerSpecialFilter":false,"forceProjects":false,"forceTasks":false,"forceTags":false,"forceDescription":false,"onlyAdminsSeeAllTimeEntries":false,"onlyAdminsSeePublicProjectsEntries":false,"trackTimeDownToSecond":true,"projectGroupingLabel":"client","adminOnlyPages":[],"automaticLock":null,"onlyAdminsCreateTag":false,"onlyAdminsCreateTask":false,"timeTrackingMode":"DEFAULT","multiFactorEnabled":false,"numberFormat":"PERIOD_COMMA","currencyFormat":"VALUE_SPACE_CURRENCY","decimalFormat":false,"isProjectPublicByDefault":true},"imageUrl":"","featureSubscriptionType":"FREE","features":["TIME_TRACKING","KIOSK"],"currencies":[{"id":"6631a76d5e8ef3683b67dcc7","code":"USD","isDefault":true}],"subdomain":{"name":null,"enabled":false}},{"id":"66334784fdaf936e90223d5f","name":"workspace_KncxI","hourlyRate":{"amount":0,"currency":"USD"},"costRate":{"amount":0,"currency":"USD"},"memberships":[{"userId":"65383a07205d0441c5269f46","hourlyRate":null,"costRate":null,"targetId":"66334784fdaf936e90223d5f","membershipType":"WORKSPACE","membershipStatus":"ACTIVE"}],"workspaceSettings":{"timeRoundingInReports":false,"onlyAdminsSeeBillableRates":true,"onlyAdminsCreateProject":true,"onlyAdminsSeeDashboard":false,"defaultBillableProjects":true,"lockTimeEntries":null,"lockTimeZone":null,"round":{"round":"Round to nearest","minutes":"15"},"projectFavorites":true,"canSeeTimeSheet":false,"canSeeTracker":true,"projectPickerSpecialFilter":false,"forceProjects":false,"forceTasks":false,"forceTags":false,"forceDescription":false,"onlyAdminsSeeAllTimeEntries":false,"onlyAdminsSeePublicProjectsEntries":false,"trackTimeDownToSecond":true,"projectGroupingLabel":"client","adminOnlyPages":[],"automaticLock":null,"onlyAdminsCreateTag":false,"onlyAdminsCreateTask":false,"timeTrackingMode":"DEFAULT","multiFactorEnabled":false,"numberFormat":"PERIOD_COMMA","currencyFormat":"VALUE_SPACE_CURRENCY","decimalFormat":false,"isProjectPublicByDefault":true},"imageUrl":"","featureSubscriptionType":"FREE","features":["TIME_TRACKING","KIOSK"],"currencies":[{"id":"66334784fdaf936e90223d60","code":"USD","isDefault":true}],"subdomain":{"name":null,"enabled":false}},{"id":"6637d1a55e8ef3683be25af9","name":"TP4_LowCode","hourlyRate":{"amount":0,"currency":"USD"},"costRate":{"amount":0,"currency":"USD"},"memberships":[{"userId":"65383a07205d0441c5269f46","hourlyRate":null,"costRate":null,"targetId":"6637d1a55e8ef3683be25af9","membershipType":"WORKSPACE","membershipStatus":"ACTIVE"}],"workspaceSettings":{"timeRoundingInReports":false,"onlyAdminsSeeBillableRates":true,"onlyAdminsCreateProject":true,"onlyAdminsSeeDashboard":false,"defaultBillableProjects":true,"lockTimeEntries":null,"lockTimeZone":null,"round":{"round":"Round to nearest","minutes":"15"},"projectFavorites":true,"canSeeTimeSheet":false,"canSeeTracker":true,"projectPickerSpecialFilter":false,"forceProjects":false,"forceTasks":false,"forceTags":false,"forceDescription":false,"onlyAdminsSeeAllTimeEntries":false,"onlyAdminsSeePublicProjectsEntries":false,"trackTimeDownToSecond":true,"projectGroupingLabel":"client","adminOnlyPages":[],"automaticLock":null,"onlyAdminsCreateTag":false,"onlyAdminsCreateTask":false,"timeTrackingMode":"DEFAULT","multiFactorEnabled":false,"numberFormat":"PERIOD_COMMA","currencyFormat":"VALUE_SPACE_CURRENCY","decimalFormat":false,"isProjectPublicByDefault":true},"imageUrl":"","featureSubscriptionType":"FREE","features":["TIME_TRACKING","KIOSK"],"currencies":[{"id":"6637d1a55e8ef3683be25afa","code":"USD","isDefault":true}],"subdomain":{"name":null,"enabled":false}},{"id":"663d46cae45cba7471bfe206","name":"TP5_LowCode","hourlyRate":{"amount":0,"currency":"USD"},"costRate":{"amount":0,"currency":"USD"},"memberships":[{"userId":"65383a07205d0441c5269f46","hourlyRate":null,"costRate":null,"targetId":"663d46cae45cba7471bfe206","membershipType":"WORKSPACE","membershipStatus":"ACTIVE"}],"workspaceSettings":{"timeRoundingInReports":false,"onlyAdminsSeeBillableRates":true,"onlyAdminsCreateProject":true,"onlyAdminsSeeDashboard":false,"defaultBillableProjects":true,"lockTimeEntries":null,"lockTimeZone":null,"round":{"round":"Round to nearest","minutes":"15"},"projectFavorites":true,"canSeeTimeSheet":false,"canSeeTracker":true,"projectPickerSpecialFilter":false,"forceProjects":false,"forceTasks":false,"forceTags":false,"forceDescription":false,"onlyAdminsSeeAllTimeEntries":false,"onlyAdminsSeePublicProjectsEntries":false,"trackTimeDownToSecond":true,"projectGroupingLabel":"client","adminOnlyPages":[],"automaticLock":null,"onlyAdminsCreateTag":false,"onlyAdminsCreateTask":false,"timeTrackingMode":"DEFAULT","multiFactorEnabled":false,"numberFormat":"PERIOD_COMMA","currencyFormat":"VALUE_SPACE_CURRENCY","decimalFormat":false,"isProjectPublicByDefault":true},"imageUrl":"","featureSubscriptionType":"FREE","features":["TIME_TRACKING","KIOSK"],"currencies":[{"id":"663d46cae45cba7471bfe207","code":"USD","isDefault":true}],"subdomain":{"name":null,"enabled":false}},{"id":"6658b4606b12ad6955eddf60","name":"Created for TP5","hourlyRate":{"amount":0,"currency":"USD"},"costRate":{"amount":0,"currency":"USD"},"memberships":[{"userId":"65383a07205d0441c5269f46","hourlyRate":null,"costRate":null,"targetId":"6658b4606b12ad6955eddf60","membershipType":"WORKSPACE","membershipStatus":"ACTIVE"}],"workspaceSettings":{"timeRoundingInReports":false,"onlyAdminsSeeBillableRates":true,"onlyAdminsCreateProject":true,"onlyAdminsSeeDashboard":false,"defaultBillableProjects":true,"lockTimeEntries":null,"lockTimeZone":null,"round":{"round":"Round to nearest","minutes":"15"},"projectFavorites":true,"canSeeTimeSheet":false,"canSeeTracker":true,"projectPickerSpecialFilter":false,"forceProjects":false,"forceTasks":false,"forceTags":false,"forceDescription":false,"onlyAdminsSeeAllTimeEntries":false,"onlyAdminsSeePublicProjectsEntries":false,"trackTimeDownToSecond":true,"projectGroupingLabel":"client","adminOnlyPages":[],"automaticLock":null,"onlyAdminsCreateTag":false,"onlyAdminsCreateTask":false,"timeTrackingMode":"DEFAULT","multiFactorEnabled":false,"numberFormat":"PERIOD_COMMA","currencyFormat":"VALUE_SPACE_CURRENCY","decimalFormat":false,"isProjectPublicByDefault":true},"imageUrl":"","featureSubscriptionType":"FREE","features":["TIME_TRACKING","KIOSK"],"currencies":[{"id":"6658b4606b12ad6955eddf61","code":"USD","isDefault":true}],"subdomain":{"name":null,"enabled":false}},{"id":"6658fa08e4e4210690958492","name":"TP11_Karate","hourlyRate":{"amount":0,"currency":"USD"},"costRate":{"amount":0,"currency":"USD"},"memberships":[{"userId":"65383a07205d0441c5269f46","hourlyRate":null,"costRate":null,"targetId":"6658fa08e4e4210690958492","membershipType":"WORKSPACE","membershipStatus":"ACTIVE"}],"workspaceSettings":{"timeRoundingInReports":false,"onlyAdminsSeeBillableRates":true,"onlyAdminsCreateProject":true,"onlyAdminsSeeDashboard":false,"defaultBillableProjects":true,"lockTimeEntries":null,"lockTimeZone":null,"round":{"round":"Round to nearest","minutes":"15"},"projectFavorites":true,"canSeeTimeSheet":true,"canSeeTracker":true,"projectPickerSpecialFilter":false,"forceProjects":true,"forceTasks":false,"forceTags":false,"forceDescription":false,"onlyAdminsSeeAllTimeEntries":false,"onlyAdminsSeePublicProjectsEntries":false,"trackTimeDownToSecond":true,"projectGroupingLabel":"client","adminOnlyPages":[],"automaticLock":null,"onlyAdminsCreateTag":false,"onlyAdminsCreateTask":false,"timeTrackingMode":"DEFAULT","multiFactorEnabled":false,"numberFormat":"PERIOD_COMMA","currencyFormat":"VALUE_SPACE_CURRENCY","decimalFormat":false,"isProjectPublicByDefault":true},"imageUrl":"","featureSubscriptionType":"FREE","features":["TIME_TRACKING","KIOSK"],"currencies":[{"id":"6658fa08e4e4210690958493","code":"USD","isDefault":true}],"subdomain":{"name":null,"enabled":false}}]

18:03:31.400 [pool-2-thread-4] DEBUG com.intuit.karate - response time in milliseconds: 1428
1 < 200
1 < Date: Sat, 08 Jun 2024 21:03:31 GMT
1 < Content-Type: application/json
1 < Transfer-Encoding: chunked
1 < Connection: keep-alive
1 < Cache-Control: no-cache, no-store, max-age=0, must-revalidate
1 < Expected-Client-Version: 1.0.0
1 < Expires: 0
1 < Pragma: no-cache
1 < Strict-Transport-Security: max-age=31536000 ; includeSubDomains
1 < Vary: Origin
1 < Vary: Access-Control-Request-Method
1 < Vary: Access-Control-Request-Headers
1 < X-Auth-Checksum: b2f13ab25ead7d939b768a42cd5ba050da088a1058e76120afa944da95ecb22d
1 < X-Content-Type-Options: nosniff
1 < X-Frame-Options: DENY
1 < X-Xss-Protection: 0
[{"id":"661852bc9a7c235bdeccd1c0","name":"AAT - TP1 Gherkin","hourlyRate":{"amount":0,"currency":"USD"},"costRate":{"amount":0,"currency":"USD"},"memberships":[{"userId":"65383a07205d0441c5269f46","hourlyRate":null,"costRate":null,"targetId":"661852bc9a7c235bdeccd1c0","membershipType":"WORKSPACE","membershipStatus":"ACTIVE"}],"workspaceSettings":{"timeRoundingInReports":false,"onlyAdminsSeeBillableRates":true,"onlyAdminsCreateProject":true,"onlyAdminsSeeDashboard":false,"defaultBillableProjects":true,"lockTimeEntries":null,"lockTimeZone":null,"round":{"round":"Round to nearest","minutes":"15"},"projectFavorites":true,"canSeeTimeSheet":false,"canSeeTracker":true,"projectPickerSpecialFilter":false,"forceProjects":false,"forceTasks":false,"forceTags":false,"forceDescription":false,"onlyAdminsSeeAllTimeEntries":false,"onlyAdminsSeePublicProjectsEntries":false,"trackTimeDownToSecond":true,"projectGroupingLabel":"client","adminOnlyPages":[],"automaticLock":null,"onlyAdminsCreateTag":false,"onlyAdminsCreateTask":false,"timeTrackingMode":"DEFAULT","multiFactorEnabled":false,"numberFormat":"PERIOD_COMMA","currencyFormat":"VALUE_SPACE_CURRENCY","decimalFormat":false,"isProjectPublicByDefault":true},"imageUrl":"","featureSubscriptionType":"FREE","features":["TIME_TRACKING","KIOSK"],"currencies":[{"id":"661852bc9a7c235bdeccd1c1","code":"USD","isDefault":true}],"subdomain":{"name":null,"enabled":false}},{"id":"6631a76d5e8ef3683b67dcc6","name":"TP3_WEB","hourlyRate":{"amount":0,"currency":"USD"},"costRate":{"amount":0,"currency":"USD"},"memberships":[{"userId":"65383a07205d0441c5269f46","hourlyRate":null,"costRate":null,"targetId":"6631a76d5e8ef3683b67dcc6","membershipType":"WORKSPACE","membershipStatus":"ACTIVE"}],"workspaceSettings":{"timeRoundingInReports":false,"onlyAdminsSeeBillableRates":true,"onlyAdminsCreateProject":true,"onlyAdminsSeeDashboard":false,"defaultBillableProjects":false,"lockTimeEntries":null,"lockTimeZone":null,"round":{"round":"Round to nearest","minutes":"15"},"projectFavorites":true,"canSeeTimeSheet":false,"canSeeTracker":true,"projectPickerSpecialFilter":false,"forceProjects":false,"forceTasks":false,"forceTags":false,"forceDescription":false,"onlyAdminsSeeAllTimeEntries":false,"onlyAdminsSeePublicProjectsEntries":false,"trackTimeDownToSecond":true,"projectGroupingLabel":"client","adminOnlyPages":[],"automaticLock":null,"onlyAdminsCreateTag":false,"onlyAdminsCreateTask":false,"timeTrackingMode":"DEFAULT","multiFactorEnabled":false,"numberFormat":"PERIOD_COMMA","currencyFormat":"VALUE_SPACE_CURRENCY","decimalFormat":false,"isProjectPublicByDefault":true},"imageUrl":"","featureSubscriptionType":"FREE","features":["TIME_TRACKING","KIOSK"],"currencies":[{"id":"6631a76d5e8ef3683b67dcc7","code":"USD","isDefault":true}],"subdomain":{"name":null,"enabled":false}},{"id":"66334784fdaf936e90223d5f","name":"workspace_KncxI","hourlyRate":{"amount":0,"currency":"USD"},"costRate":{"amount":0,"currency":"USD"},"memberships":[{"userId":"65383a07205d0441c5269f46","hourlyRate":null,"costRate":null,"targetId":"66334784fdaf936e90223d5f","membershipType":"WORKSPACE","membershipStatus":"ACTIVE"}],"workspaceSettings":{"timeRoundingInReports":false,"onlyAdminsSeeBillableRates":true,"onlyAdminsCreateProject":true,"onlyAdminsSeeDashboard":false,"defaultBillableProjects":true,"lockTimeEntries":null,"lockTimeZone":null,"round":{"round":"Round to nearest","minutes":"15"},"projectFavorites":true,"canSeeTimeSheet":false,"canSeeTracker":true,"projectPickerSpecialFilter":false,"forceProjects":false,"forceTasks":false,"forceTags":false,"forceDescription":false,"onlyAdminsSeeAllTimeEntries":false,"onlyAdminsSeePublicProjectsEntries":false,"trackTimeDownToSecond":true,"projectGroupingLabel":"client","adminOnlyPages":[],"automaticLock":null,"onlyAdminsCreateTag":false,"onlyAdminsCreateTask":false,"timeTrackingMode":"DEFAULT","multiFactorEnabled":false,"numberFormat":"PERIOD_COMMA","currencyFormat":"VALUE_SPACE_CURRENCY","decimalFormat":false,"isProjectPublicByDefault":true},"imageUrl":"","featureSubscriptionType":"FREE","features":["TIME_TRACKING","KIOSK"],"currencies":[{"id":"66334784fdaf936e90223d60","code":"USD","isDefault":true}],"subdomain":{"name":null,"enabled":false}},{"id":"6637d1a55e8ef3683be25af9","name":"TP4_LowCode","hourlyRate":{"amount":0,"currency":"USD"},"costRate":{"amount":0,"currency":"USD"},"memberships":[{"userId":"65383a07205d0441c5269f46","hourlyRate":null,"costRate":null,"targetId":"6637d1a55e8ef3683be25af9","membershipType":"WORKSPACE","membershipStatus":"ACTIVE"}],"workspaceSettings":{"timeRoundingInReports":false,"onlyAdminsSeeBillableRates":true,"onlyAdminsCreateProject":true,"onlyAdminsSeeDashboard":false,"defaultBillableProjects":true,"lockTimeEntries":null,"lockTimeZone":null,"round":{"round":"Round to nearest","minutes":"15"},"projectFavorites":true,"canSeeTimeSheet":false,"canSeeTracker":true,"projectPickerSpecialFilter":false,"forceProjects":false,"forceTasks":false,"forceTags":false,"forceDescription":false,"onlyAdminsSeeAllTimeEntries":false,"onlyAdminsSeePublicProjectsEntries":false,"trackTimeDownToSecond":true,"projectGroupingLabel":"client","adminOnlyPages":[],"automaticLock":null,"onlyAdminsCreateTag":false,"onlyAdminsCreateTask":false,"timeTrackingMode":"DEFAULT","multiFactorEnabled":false,"numberFormat":"PERIOD_COMMA","currencyFormat":"VALUE_SPACE_CURRENCY","decimalFormat":false,"isProjectPublicByDefault":true},"imageUrl":"","featureSubscriptionType":"FREE","features":["TIME_TRACKING","KIOSK"],"currencies":[{"id":"6637d1a55e8ef3683be25afa","code":"USD","isDefault":true}],"subdomain":{"name":null,"enabled":false}},{"id":"663d46cae45cba7471bfe206","name":"TP5_LowCode","hourlyRate":{"amount":0,"currency":"USD"},"costRate":{"amount":0,"currency":"USD"},"memberships":[{"userId":"65383a07205d0441c5269f46","hourlyRate":null,"costRate":null,"targetId":"663d46cae45cba7471bfe206","membershipType":"WORKSPACE","membershipStatus":"ACTIVE"}],"workspaceSettings":{"timeRoundingInReports":false,"onlyAdminsSeeBillableRates":true,"onlyAdminsCreateProject":true,"onlyAdminsSeeDashboard":false,"defaultBillableProjects":true,"lockTimeEntries":null,"lockTimeZone":null,"round":{"round":"Round to nearest","minutes":"15"},"projectFavorites":true,"canSeeTimeSheet":false,"canSeeTracker":true,"projectPickerSpecialFilter":false,"forceProjects":false,"forceTasks":false,"forceTags":false,"forceDescription":false,"onlyAdminsSeeAllTimeEntries":false,"onlyAdminsSeePublicProjectsEntries":false,"trackTimeDownToSecond":true,"projectGroupingLabel":"client","adminOnlyPages":[],"automaticLock":null,"onlyAdminsCreateTag":false,"onlyAdminsCreateTask":false,"timeTrackingMode":"DEFAULT","multiFactorEnabled":false,"numberFormat":"PERIOD_COMMA","currencyFormat":"VALUE_SPACE_CURRENCY","decimalFormat":false,"isProjectPublicByDefault":true},"imageUrl":"","featureSubscriptionType":"FREE","features":["TIME_TRACKING","KIOSK"],"currencies":[{"id":"663d46cae45cba7471bfe207","code":"USD","isDefault":true}],"subdomain":{"name":null,"enabled":false}},{"id":"6658b4606b12ad6955eddf60","name":"Created for TP5","hourlyRate":{"amount":0,"currency":"USD"},"costRate":{"amount":0,"currency":"USD"},"memberships":[{"userId":"65383a07205d0441c5269f46","hourlyRate":null,"costRate":null,"targetId":"6658b4606b12ad6955eddf60","membershipType":"WORKSPACE","membershipStatus":"ACTIVE"}],"workspaceSettings":{"timeRoundingInReports":false,"onlyAdminsSeeBillableRates":true,"onlyAdminsCreateProject":true,"onlyAdminsSeeDashboard":false,"defaultBillableProjects":true,"lockTimeEntries":null,"lockTimeZone":null,"round":{"round":"Round to nearest","minutes":"15"},"projectFavorites":true,"canSeeTimeSheet":false,"canSeeTracker":true,"projectPickerSpecialFilter":false,"forceProjects":false,"forceTasks":false,"forceTags":false,"forceDescription":false,"onlyAdminsSeeAllTimeEntries":false,"onlyAdminsSeePublicProjectsEntries":false,"trackTimeDownToSecond":true,"projectGroupingLabel":"client","adminOnlyPages":[],"automaticLock":null,"onlyAdminsCreateTag":false,"onlyAdminsCreateTask":false,"timeTrackingMode":"DEFAULT","multiFactorEnabled":false,"numberFormat":"PERIOD_COMMA","currencyFormat":"VALUE_SPACE_CURRENCY","decimalFormat":false,"isProjectPublicByDefault":true},"imageUrl":"","featureSubscriptionType":"FREE","features":["TIME_TRACKING","KIOSK"],"currencies":[{"id":"6658b4606b12ad6955eddf61","code":"USD","isDefault":true}],"subdomain":{"name":null,"enabled":false}},{"id":"6658fa08e4e4210690958492","name":"TP11_Karate","hourlyRate":{"amount":0,"currency":"USD"},"costRate":{"amount":0,"currency":"USD"},"memberships":[{"userId":"65383a07205d0441c5269f46","hourlyRate":null,"costRate":null,"targetId":"6658fa08e4e4210690958492","membershipType":"WORKSPACE","membershipStatus":"ACTIVE"}],"workspaceSettings":{"timeRoundingInReports":false,"onlyAdminsSeeBillableRates":true,"onlyAdminsCreateProject":true,"onlyAdminsSeeDashboard":false,"defaultBillableProjects":true,"lockTimeEntries":null,"lockTimeZone":null,"round":{"round":"Round to nearest","minutes":"15"},"projectFavorites":true,"canSeeTimeSheet":true,"canSeeTracker":true,"projectPickerSpecialFilter":false,"forceProjects":true,"forceTasks":false,"forceTags":false,"forceDescription":false,"onlyAdminsSeeAllTimeEntries":false,"onlyAdminsSeePublicProjectsEntries":false,"trackTimeDownToSecond":true,"projectGroupingLabel":"client","adminOnlyPages":[],"automaticLock":null,"onlyAdminsCreateTag":false,"onlyAdminsCreateTask":false,"timeTrackingMode":"DEFAULT","multiFactorEnabled":false,"numberFormat":"PERIOD_COMMA","currencyFormat":"VALUE_SPACE_CURRENCY","decimalFormat":false,"isProjectPublicByDefault":true},"imageUrl":"","featureSubscriptionType":"FREE","features":["TIME_TRACKING","KIOSK"],"currencies":[{"id":"6658fa08e4e4210690958493","code":"USD","isDefault":true}],"subdomain":{"name":null,"enabled":false}}]

18:03:31.401 [pool-2-thread-2] DEBUG com.intuit.karate - response time in milliseconds: 1428
1 < 200
1 < Date: Sat, 08 Jun 2024 21:03:31 GMT
1 < Content-Type: application/json
1 < Transfer-Encoding: chunked
1 < Connection: keep-alive
1 < Cache-Control: no-cache, no-store, max-age=0, must-revalidate
1 < Expected-Client-Version: 1.0.0
1 < Expires: 0
1 < Pragma: no-cache
1 < Strict-Transport-Security: max-age=31536000 ; includeSubDomains
1 < Vary: Origin
1 < Vary: Access-Control-Request-Method
1 < Vary: Access-Control-Request-Headers
1 < X-Auth-Checksum: b2f13ab25ead7d939b768a42cd5ba050da088a1058e76120afa944da95ecb22d
1 < X-Content-Type-Options: nosniff
1 < X-Frame-Options: DENY
1 < X-Xss-Protection: 0
[{"id":"661852bc9a7c235bdeccd1c0","name":"AAT - TP1 Gherkin","hourlyRate":{"amount":0,"currency":"USD"},"costRate":{"amount":0,"currency":"USD"},"memberships":[{"userId":"65383a07205d0441c5269f46","hourlyRate":null,"costRate":null,"targetId":"661852bc9a7c235bdeccd1c0","membershipType":"WORKSPACE","membershipStatus":"ACTIVE"}],"workspaceSettings":{"timeRoundingInReports":false,"onlyAdminsSeeBillableRates":true,"onlyAdminsCreateProject":true,"onlyAdminsSeeDashboard":false,"defaultBillableProjects":true,"lockTimeEntries":null,"lockTimeZone":null,"round":{"round":"Round to nearest","minutes":"15"},"projectFavorites":true,"canSeeTimeSheet":false,"canSeeTracker":true,"projectPickerSpecialFilter":false,"forceProjects":false,"forceTasks":false,"forceTags":false,"forceDescription":false,"onlyAdminsSeeAllTimeEntries":false,"onlyAdminsSeePublicProjectsEntries":false,"trackTimeDownToSecond":true,"projectGroupingLabel":"client","adminOnlyPages":[],"automaticLock":null,"onlyAdminsCreateTag":false,"onlyAdminsCreateTask":false,"timeTrackingMode":"DEFAULT","multiFactorEnabled":false,"numberFormat":"PERIOD_COMMA","currencyFormat":"VALUE_SPACE_CURRENCY","decimalFormat":false,"isProjectPublicByDefault":true},"imageUrl":"","featureSubscriptionType":"FREE","features":["TIME_TRACKING","KIOSK"],"currencies":[{"id":"661852bc9a7c235bdeccd1c1","code":"USD","isDefault":true}],"subdomain":{"name":null,"enabled":false}},{"id":"6631a76d5e8ef3683b67dcc6","name":"TP3_WEB","hourlyRate":{"amount":0,"currency":"USD"},"costRate":{"amount":0,"currency":"USD"},"memberships":[{"userId":"65383a07205d0441c5269f46","hourlyRate":null,"costRate":null,"targetId":"6631a76d5e8ef3683b67dcc6","membershipType":"WORKSPACE","membershipStatus":"ACTIVE"}],"workspaceSettings":{"timeRoundingInReports":false,"onlyAdminsSeeBillableRates":true,"onlyAdminsCreateProject":true,"onlyAdminsSeeDashboard":false,"defaultBillableProjects":false,"lockTimeEntries":null,"lockTimeZone":null,"round":{"round":"Round to nearest","minutes":"15"},"projectFavorites":true,"canSeeTimeSheet":false,"canSeeTracker":true,"projectPickerSpecialFilter":false,"forceProjects":false,"forceTasks":false,"forceTags":false,"forceDescription":false,"onlyAdminsSeeAllTimeEntries":false,"onlyAdminsSeePublicProjectsEntries":false,"trackTimeDownToSecond":true,"projectGroupingLabel":"client","adminOnlyPages":[],"automaticLock":null,"onlyAdminsCreateTag":false,"onlyAdminsCreateTask":false,"timeTrackingMode":"DEFAULT","multiFactorEnabled":false,"numberFormat":"PERIOD_COMMA","currencyFormat":"VALUE_SPACE_CURRENCY","decimalFormat":false,"isProjectPublicByDefault":true},"imageUrl":"","featureSubscriptionType":"FREE","features":["TIME_TRACKING","KIOSK"],"currencies":[{"id":"6631a76d5e8ef3683b67dcc7","code":"USD","isDefault":true}],"subdomain":{"name":null,"enabled":false}},{"id":"66334784fdaf936e90223d5f","name":"workspace_KncxI","hourlyRate":{"amount":0,"currency":"USD"},"costRate":{"amount":0,"currency":"USD"},"memberships":[{"userId":"65383a07205d0441c5269f46","hourlyRate":null,"costRate":null,"targetId":"66334784fdaf936e90223d5f","membershipType":"WORKSPACE","membershipStatus":"ACTIVE"}],"workspaceSettings":{"timeRoundingInReports":false,"onlyAdminsSeeBillableRates":true,"onlyAdminsCreateProject":true,"onlyAdminsSeeDashboard":false,"defaultBillableProjects":true,"lockTimeEntries":null,"lockTimeZone":null,"round":{"round":"Round to nearest","minutes":"15"},"projectFavorites":true,"canSeeTimeSheet":false,"canSeeTracker":true,"projectPickerSpecialFilter":false,"forceProjects":false,"forceTasks":false,"forceTags":false,"forceDescription":false,"onlyAdminsSeeAllTimeEntries":false,"onlyAdminsSeePublicProjectsEntries":false,"trackTimeDownToSecond":true,"projectGroupingLabel":"client","adminOnlyPages":[],"automaticLock":null,"onlyAdminsCreateTag":false,"onlyAdminsCreateTask":false,"timeTrackingMode":"DEFAULT","multiFactorEnabled":false,"numberFormat":"PERIOD_COMMA","currencyFormat":"VALUE_SPACE_CURRENCY","decimalFormat":false,"isProjectPublicByDefault":true},"imageUrl":"","featureSubscriptionType":"FREE","features":["TIME_TRACKING","KIOSK"],"currencies":[{"id":"66334784fdaf936e90223d60","code":"USD","isDefault":true}],"subdomain":{"name":null,"enabled":false}},{"id":"6637d1a55e8ef3683be25af9","name":"TP4_LowCode","hourlyRate":{"amount":0,"currency":"USD"},"costRate":{"amount":0,"currency":"USD"},"memberships":[{"userId":"65383a07205d0441c5269f46","hourlyRate":null,"costRate":null,"targetId":"6637d1a55e8ef3683be25af9","membershipType":"WORKSPACE","membershipStatus":"ACTIVE"}],"workspaceSettings":{"timeRoundingInReports":false,"onlyAdminsSeeBillableRates":true,"onlyAdminsCreateProject":true,"onlyAdminsSeeDashboard":false,"defaultBillableProjects":true,"lockTimeEntries":null,"lockTimeZone":null,"round":{"round":"Round to nearest","minutes":"15"},"projectFavorites":true,"canSeeTimeSheet":false,"canSeeTracker":true,"projectPickerSpecialFilter":false,"forceProjects":false,"forceTasks":false,"forceTags":false,"forceDescription":false,"onlyAdminsSeeAllTimeEntries":false,"onlyAdminsSeePublicProjectsEntries":false,"trackTimeDownToSecond":true,"projectGroupingLabel":"client","adminOnlyPages":[],"automaticLock":null,"onlyAdminsCreateTag":false,"onlyAdminsCreateTask":false,"timeTrackingMode":"DEFAULT","multiFactorEnabled":false,"numberFormat":"PERIOD_COMMA","currencyFormat":"VALUE_SPACE_CURRENCY","decimalFormat":false,"isProjectPublicByDefault":true},"imageUrl":"","featureSubscriptionType":"FREE","features":["TIME_TRACKING","KIOSK"],"currencies":[{"id":"6637d1a55e8ef3683be25afa","code":"USD","isDefault":true}],"subdomain":{"name":null,"enabled":false}},{"id":"663d46cae45cba7471bfe206","name":"TP5_LowCode","hourlyRate":{"amount":0,"currency":"USD"},"costRate":{"amount":0,"currency":"USD"},"memberships":[{"userId":"65383a07205d0441c5269f46","hourlyRate":null,"costRate":null,"targetId":"663d46cae45cba7471bfe206","membershipType":"WORKSPACE","membershipStatus":"ACTIVE"}],"workspaceSettings":{"timeRoundingInReports":false,"onlyAdminsSeeBillableRates":true,"onlyAdminsCreateProject":true,"onlyAdminsSeeDashboard":false,"defaultBillableProjects":true,"lockTimeEntries":null,"lockTimeZone":null,"round":{"round":"Round to nearest","minutes":"15"},"projectFavorites":true,"canSeeTimeSheet":false,"canSeeTracker":true,"projectPickerSpecialFilter":false,"forceProjects":false,"forceTasks":false,"forceTags":false,"forceDescription":false,"onlyAdminsSeeAllTimeEntries":false,"onlyAdminsSeePublicProjectsEntries":false,"trackTimeDownToSecond":true,"projectGroupingLabel":"client","adminOnlyPages":[],"automaticLock":null,"onlyAdminsCreateTag":false,"onlyAdminsCreateTask":false,"timeTrackingMode":"DEFAULT","multiFactorEnabled":false,"numberFormat":"PERIOD_COMMA","currencyFormat":"VALUE_SPACE_CURRENCY","decimalFormat":false,"isProjectPublicByDefault":true},"imageUrl":"","featureSubscriptionType":"FREE","features":["TIME_TRACKING","KIOSK"],"currencies":[{"id":"663d46cae45cba7471bfe207","code":"USD","isDefault":true}],"subdomain":{"name":null,"enabled":false}},{"id":"6658b4606b12ad6955eddf60","name":"Created for TP5","hourlyRate":{"amount":0,"currency":"USD"},"costRate":{"amount":0,"currency":"USD"},"memberships":[{"userId":"65383a07205d0441c5269f46","hourlyRate":null,"costRate":null,"targetId":"6658b4606b12ad6955eddf60","membershipType":"WORKSPACE","membershipStatus":"ACTIVE"}],"workspaceSettings":{"timeRoundingInReports":false,"onlyAdminsSeeBillableRates":true,"onlyAdminsCreateProject":true,"onlyAdminsSeeDashboard":false,"defaultBillableProjects":true,"lockTimeEntries":null,"lockTimeZone":null,"round":{"round":"Round to nearest","minutes":"15"},"projectFavorites":true,"canSeeTimeSheet":false,"canSeeTracker":true,"projectPickerSpecialFilter":false,"forceProjects":false,"forceTasks":false,"forceTags":false,"forceDescription":false,"onlyAdminsSeeAllTimeEntries":false,"onlyAdminsSeePublicProjectsEntries":false,"trackTimeDownToSecond":true,"projectGroupingLabel":"client","adminOnlyPages":[],"automaticLock":null,"onlyAdminsCreateTag":false,"onlyAdminsCreateTask":false,"timeTrackingMode":"DEFAULT","multiFactorEnabled":false,"numberFormat":"PERIOD_COMMA","currencyFormat":"VALUE_SPACE_CURRENCY","decimalFormat":false,"isProjectPublicByDefault":true},"imageUrl":"","featureSubscriptionType":"FREE","features":["TIME_TRACKING","KIOSK"],"currencies":[{"id":"6658b4606b12ad6955eddf61","code":"USD","isDefault":true}],"subdomain":{"name":null,"enabled":false}},{"id":"6658fa08e4e4210690958492","name":"TP11_Karate","hourlyRate":{"amount":0,"currency":"USD"},"costRate":{"amount":0,"currency":"USD"},"memberships":[{"userId":"65383a07205d0441c5269f46","hourlyRate":null,"costRate":null,"targetId":"6658fa08e4e4210690958492","membershipType":"WORKSPACE","membershipStatus":"ACTIVE"}],"workspaceSettings":{"timeRoundingInReports":false,"onlyAdminsSeeBillableRates":true,"onlyAdminsCreateProject":true,"onlyAdminsSeeDashboard":false,"defaultBillableProjects":true,"lockTimeEntries":null,"lockTimeZone":null,"round":{"round":"Round to nearest","minutes":"15"},"projectFavorites":true,"canSeeTimeSheet":true,"canSeeTracker":true,"projectPickerSpecialFilter":false,"forceProjects":true,"forceTasks":false,"forceTags":false,"forceDescription":false,"onlyAdminsSeeAllTimeEntries":false,"onlyAdminsSeePublicProjectsEntries":false,"trackTimeDownToSecond":true,"projectGroupingLabel":"client","adminOnlyPages":[],"automaticLock":null,"onlyAdminsCreateTag":false,"onlyAdminsCreateTask":false,"timeTrackingMode":"DEFAULT","multiFactorEnabled":false,"numberFormat":"PERIOD_COMMA","currencyFormat":"VALUE_SPACE_CURRENCY","decimalFormat":false,"isProjectPublicByDefault":true},"imageUrl":"","featureSubscriptionType":"FREE","features":["TIME_TRACKING","KIOSK"],"currencies":[{"id":"6658fa08e4e4210690958493","code":"USD","isDefault":true}],"subdomain":{"name":null,"enabled":false}}]

18:03:31.401 [pool-2-thread-5] DEBUG com.intuit.karate - response time in milliseconds: 1428
1 < 200
1 < Date: Sat, 08 Jun 2024 21:03:31 GMT
1 < Content-Type: application/json
1 < Transfer-Encoding: chunked
1 < Connection: keep-alive
1 < Cache-Control: no-cache, no-store, max-age=0, must-revalidate
1 < Expected-Client-Version: 1.0.0
1 < Expires: 0
1 < Pragma: no-cache
1 < Strict-Transport-Security: max-age=31536000 ; includeSubDomains
1 < Vary: Origin
1 < Vary: Access-Control-Request-Method
1 < Vary: Access-Control-Request-Headers
1 < X-Auth-Checksum: b2f13ab25ead7d939b768a42cd5ba050da088a1058e76120afa944da95ecb22d
1 < X-Content-Type-Options: nosniff
1 < X-Frame-Options: DENY
1 < X-Xss-Protection: 0
[{"id":"661852bc9a7c235bdeccd1c0","name":"AAT - TP1 Gherkin","hourlyRate":{"amount":0,"currency":"USD"},"costRate":{"amount":0,"currency":"USD"},"memberships":[{"userId":"65383a07205d0441c5269f46","hourlyRate":null,"costRate":null,"targetId":"661852bc9a7c235bdeccd1c0","membershipType":"WORKSPACE","membershipStatus":"ACTIVE"}],"workspaceSettings":{"timeRoundingInReports":false,"onlyAdminsSeeBillableRates":true,"onlyAdminsCreateProject":true,"onlyAdminsSeeDashboard":false,"defaultBillableProjects":true,"lockTimeEntries":null,"lockTimeZone":null,"round":{"round":"Round to nearest","minutes":"15"},"projectFavorites":true,"canSeeTimeSheet":false,"canSeeTracker":true,"projectPickerSpecialFilter":false,"forceProjects":false,"forceTasks":false,"forceTags":false,"forceDescription":false,"onlyAdminsSeeAllTimeEntries":false,"onlyAdminsSeePublicProjectsEntries":false,"trackTimeDownToSecond":true,"projectGroupingLabel":"client","adminOnlyPages":[],"automaticLock":null,"onlyAdminsCreateTag":false,"onlyAdminsCreateTask":false,"timeTrackingMode":"DEFAULT","multiFactorEnabled":false,"numberFormat":"PERIOD_COMMA","currencyFormat":"VALUE_SPACE_CURRENCY","decimalFormat":false,"isProjectPublicByDefault":true},"imageUrl":"","featureSubscriptionType":"FREE","features":["KIOSK","TIME_TRACKING"],"currencies":[{"id":"661852bc9a7c235bdeccd1c1","code":"USD","isDefault":true}],"subdomain":{"name":null,"enabled":false}},{"id":"6631a76d5e8ef3683b67dcc6","name":"TP3_WEB","hourlyRate":{"amount":0,"currency":"USD"},"costRate":{"amount":0,"currency":"USD"},"memberships":[{"userId":"65383a07205d0441c5269f46","hourlyRate":null,"costRate":null,"targetId":"6631a76d5e8ef3683b67dcc6","membershipType":"WORKSPACE","membershipStatus":"ACTIVE"}],"workspaceSettings":{"timeRoundingInReports":false,"onlyAdminsSeeBillableRates":true,"onlyAdminsCreateProject":true,"onlyAdminsSeeDashboard":false,"defaultBillableProjects":false,"lockTimeEntries":null,"lockTimeZone":null,"round":{"round":"Round to nearest","minutes":"15"},"projectFavorites":true,"canSeeTimeSheet":false,"canSeeTracker":true,"projectPickerSpecialFilter":false,"forceProjects":false,"forceTasks":false,"forceTags":false,"forceDescription":false,"onlyAdminsSeeAllTimeEntries":false,"onlyAdminsSeePublicProjectsEntries":false,"trackTimeDownToSecond":true,"projectGroupingLabel":"client","adminOnlyPages":[],"automaticLock":null,"onlyAdminsCreateTag":false,"onlyAdminsCreateTask":false,"timeTrackingMode":"DEFAULT","multiFactorEnabled":false,"numberFormat":"PERIOD_COMMA","currencyFormat":"VALUE_SPACE_CURRENCY","decimalFormat":false,"isProjectPublicByDefault":true},"imageUrl":"","featureSubscriptionType":"FREE","features":["KIOSK","TIME_TRACKING"],"currencies":[{"id":"6631a76d5e8ef3683b67dcc7","code":"USD","isDefault":true}],"subdomain":{"name":null,"enabled":false}},{"id":"66334784fdaf936e90223d5f","name":"workspace_KncxI","hourlyRate":{"amount":0,"currency":"USD"},"costRate":{"amount":0,"currency":"USD"},"memberships":[{"userId":"65383a07205d0441c5269f46","hourlyRate":null,"costRate":null,"targetId":"66334784fdaf936e90223d5f","membershipType":"WORKSPACE","membershipStatus":"ACTIVE"}],"workspaceSettings":{"timeRoundingInReports":false,"onlyAdminsSeeBillableRates":true,"onlyAdminsCreateProject":true,"onlyAdminsSeeDashboard":false,"defaultBillableProjects":true,"lockTimeEntries":null,"lockTimeZone":null,"round":{"round":"Round to nearest","minutes":"15"},"projectFavorites":true,"canSeeTimeSheet":false,"canSeeTracker":true,"projectPickerSpecialFilter":false,"forceProjects":false,"forceTasks":false,"forceTags":false,"forceDescription":false,"onlyAdminsSeeAllTimeEntries":false,"onlyAdminsSeePublicProjectsEntries":false,"trackTimeDownToSecond":true,"projectGroupingLabel":"client","adminOnlyPages":[],"automaticLock":null,"onlyAdminsCreateTag":false,"onlyAdminsCreateTask":false,"timeTrackingMode":"DEFAULT","multiFactorEnabled":false,"numberFormat":"PERIOD_COMMA","currencyFormat":"VALUE_SPACE_CURRENCY","decimalFormat":false,"isProjectPublicByDefault":true},"imageUrl":"","featureSubscriptionType":"FREE","features":["KIOSK","TIME_TRACKING"],"currencies":[{"id":"66334784fdaf936e90223d60","code":"USD","isDefault":true}],"subdomain":{"name":null,"enabled":false}},{"id":"6637d1a55e8ef3683be25af9","name":"TP4_LowCode","hourlyRate":{"amount":0,"currency":"USD"},"costRate":{"amount":0,"currency":"USD"},"memberships":[{"userId":"65383a07205d0441c5269f46","hourlyRate":null,"costRate":null,"targetId":"6637d1a55e8ef3683be25af9","membershipType":"WORKSPACE","membershipStatus":"ACTIVE"}],"workspaceSettings":{"timeRoundingInReports":false,"onlyAdminsSeeBillableRates":true,"onlyAdminsCreateProject":true,"onlyAdminsSeeDashboard":false,"defaultBillableProjects":true,"lockTimeEntries":null,"lockTimeZone":null,"round":{"round":"Round to nearest","minutes":"15"},"projectFavorites":true,"canSeeTimeSheet":false,"canSeeTracker":true,"projectPickerSpecialFilter":false,"forceProjects":false,"forceTasks":false,"forceTags":false,"forceDescription":false,"onlyAdminsSeeAllTimeEntries":false,"onlyAdminsSeePublicProjectsEntries":false,"trackTimeDownToSecond":true,"projectGroupingLabel":"client","adminOnlyPages":[],"automaticLock":null,"onlyAdminsCreateTag":false,"onlyAdminsCreateTask":false,"timeTrackingMode":"DEFAULT","multiFactorEnabled":false,"numberFormat":"PERIOD_COMMA","currencyFormat":"VALUE_SPACE_CURRENCY","decimalFormat":false,"isProjectPublicByDefault":true},"imageUrl":"","featureSubscriptionType":"FREE","features":["KIOSK","TIME_TRACKING"],"currencies":[{"id":"6637d1a55e8ef3683be25afa","code":"USD","isDefault":true}],"subdomain":{"name":null,"enabled":false}},{"id":"663d46cae45cba7471bfe206","name":"TP5_LowCode","hourlyRate":{"amount":0,"currency":"USD"},"costRate":{"amount":0,"currency":"USD"},"memberships":[{"userId":"65383a07205d0441c5269f46","hourlyRate":null,"costRate":null,"targetId":"663d46cae45cba7471bfe206","membershipType":"WORKSPACE","membershipStatus":"ACTIVE"}],"workspaceSettings":{"timeRoundingInReports":false,"onlyAdminsSeeBillableRates":true,"onlyAdminsCreateProject":true,"onlyAdminsSeeDashboard":false,"defaultBillableProjects":true,"lockTimeEntries":null,"lockTimeZone":null,"round":{"round":"Round to nearest","minutes":"15"},"projectFavorites":true,"canSeeTimeSheet":false,"canSeeTracker":true,"projectPickerSpecialFilter":false,"forceProjects":false,"forceTasks":false,"forceTags":false,"forceDescription":false,"onlyAdminsSeeAllTimeEntries":false,"onlyAdminsSeePublicProjectsEntries":false,"trackTimeDownToSecond":true,"projectGroupingLabel":"client","adminOnlyPages":[],"automaticLock":null,"onlyAdminsCreateTag":false,"onlyAdminsCreateTask":false,"timeTrackingMode":"DEFAULT","multiFactorEnabled":false,"numberFormat":"PERIOD_COMMA","currencyFormat":"VALUE_SPACE_CURRENCY","decimalFormat":false,"isProjectPublicByDefault":true},"imageUrl":"","featureSubscriptionType":"FREE","features":["KIOSK","TIME_TRACKING"],"currencies":[{"id":"663d46cae45cba7471bfe207","code":"USD","isDefault":true}],"subdomain":{"name":null,"enabled":false}},{"id":"6658b4606b12ad6955eddf60","name":"Created for TP5","hourlyRate":{"amount":0,"currency":"USD"},"costRate":{"amount":0,"currency":"USD"},"memberships":[{"userId":"65383a07205d0441c5269f46","hourlyRate":null,"costRate":null,"targetId":"6658b4606b12ad6955eddf60","membershipType":"WORKSPACE","membershipStatus":"ACTIVE"}],"workspaceSettings":{"timeRoundingInReports":false,"onlyAdminsSeeBillableRates":true,"onlyAdminsCreateProject":true,"onlyAdminsSeeDashboard":false,"defaultBillableProjects":true,"lockTimeEntries":null,"lockTimeZone":null,"round":{"round":"Round to nearest","minutes":"15"},"projectFavorites":true,"canSeeTimeSheet":false,"canSeeTracker":true,"projectPickerSpecialFilter":false,"forceProjects":false,"forceTasks":false,"forceTags":false,"forceDescription":false,"onlyAdminsSeeAllTimeEntries":false,"onlyAdminsSeePublicProjectsEntries":false,"trackTimeDownToSecond":true,"projectGroupingLabel":"client","adminOnlyPages":[],"automaticLock":null,"onlyAdminsCreateTag":false,"onlyAdminsCreateTask":false,"timeTrackingMode":"DEFAULT","multiFactorEnabled":false,"numberFormat":"PERIOD_COMMA","currencyFormat":"VALUE_SPACE_CURRENCY","decimalFormat":false,"isProjectPublicByDefault":true},"imageUrl":"","featureSubscriptionType":"FREE","features":["KIOSK","TIME_TRACKING"],"currencies":[{"id":"6658b4606b12ad6955eddf61","code":"USD","isDefault":true}],"subdomain":{"name":null,"enabled":false}},{"id":"6658fa08e4e4210690958492","name":"TP11_Karate","hourlyRate":{"amount":0,"currency":"USD"},"costRate":{"amount":0,"currency":"USD"},"memberships":[{"userId":"65383a07205d0441c5269f46","hourlyRate":null,"costRate":null,"targetId":"6658fa08e4e4210690958492","membershipType":"WORKSPACE","membershipStatus":"ACTIVE"}],"workspaceSettings":{"timeRoundingInReports":false,"onlyAdminsSeeBillableRates":true,"onlyAdminsCreateProject":true,"onlyAdminsSeeDashboard":false,"defaultBillableProjects":true,"lockTimeEntries":null,"lockTimeZone":null,"round":{"round":"Round to nearest","minutes":"15"},"projectFavorites":true,"canSeeTimeSheet":true,"canSeeTracker":true,"projectPickerSpecialFilter":false,"forceProjects":true,"forceTasks":false,"forceTags":false,"forceDescription":false,"onlyAdminsSeeAllTimeEntries":false,"onlyAdminsSeePublicProjectsEntries":false,"trackTimeDownToSecond":true,"projectGroupingLabel":"client","adminOnlyPages":[],"automaticLock":null,"onlyAdminsCreateTag":false,"onlyAdminsCreateTask":false,"timeTrackingMode":"DEFAULT","multiFactorEnabled":false,"numberFormat":"PERIOD_COMMA","currencyFormat":"VALUE_SPACE_CURRENCY","decimalFormat":false,"isProjectPublicByDefault":true},"imageUrl":"","featureSubscriptionType":"FREE","features":["KIOSK","TIME_TRACKING"],"currencies":[{"id":"6658fa08e4e4210690958493","code":"USD","isDefault":true}],"subdomain":{"name":null,"enabled":false}}]

18:03:31.551 [pool-2-thread-1] INFO  com.intuit.karate - [print] Workspace  TP11_Karate  with ID  6658fa08e4e4210690958492  was selected 
18:03:31.551 [pool-2-thread-3] INFO  com.intuit.karate - [print] Workspace  TP11_Karate  with ID  6658fa08e4e4210690958492  was selected 
18:03:31.551 [pool-2-thread-2] INFO  com.intuit.karate - [print] Workspace  TP11_Karate  with ID  6658fa08e4e4210690958492  was selected 
18:03:31.551 [pool-2-thread-5] INFO  com.intuit.karate - [print] Workspace  TP11_Karate  with ID  6658fa08e4e4210690958492  was selected 
18:03:31.552 [pool-2-thread-4] INFO  com.intuit.karate - [print] Workspace  TP11_Karate  with ID  6658fa08e4e4210690958492  was selected 
18:03:31.603 [pool-2-thread-4] INFO  c.intuit.karate.core.FeatureRuntime - classpath:examples/clockifyTP11/clockify.feature - call by tag at line 28: GetClients
18:03:31.615 [pool-2-thread-4] INFO  c.intuit.karate.core.FeatureRuntime - classpath:examples/clockifyTP11/clockify.feature - call by tag at line 9: GetWorkspaces
18:03:31.620 [pool-2-thread-4] DEBUG com.intuit.karate - request:
1 > GET https://api.clockify.me/api/v1/workspaces
1 > x-api-key: ZjdkMjY5MmEtNGM1MS00ZTdiLTlmNzAtYjA4YmEyY2Q3OGVk
1 > Host: api.clockify.me
1 > Connection: Keep-Alive
1 > User-Agent: Apache-HttpClient/4.5.14 (Java/17.0.8)
1 > Accept-Encoding: gzip,deflate


18:03:31.680 [pool-2-thread-3] DEBUG com.intuit.karate - request:
1 > GET https://api.clockify.me/api/v1/workspaces/6658fa08e4e4210690958492/clients
1 > x-api-key: ZjdkMjY5MmEtNGM1MS00ZTdiLTlmNzAtYjA4YmEyY2Q3OGVk
1 > Host: api.clockify.me
1 > Connection: Keep-Alive
1 > User-Agent: Apache-HttpClient/4.5.14 (Java/17.0.8)
1 > Accept-Encoding: gzip,deflate


18:03:31.689 [pool-2-thread-5] DEBUG com.intuit.karate - request:
1 > GET https://api.clockify.me/api/v1/workspaces/6658fa08e4e4210690958492/user/65383a07205d0441c5269f46/time-entries?start=2024-05-31T11%3A00%3A00Z&end=2024-06-03T17%3A00%3A00Z
1 > x-api-key: ZjdkMjY5MmEtNGM1MS00ZTdiLTlmNzAtYjA4YmEyY2Q3OGVk
1 > Host: api.clockify.me
1 > Connection: Keep-Alive
1 > User-Agent: Apache-HttpClient/4.5.14 (Java/17.0.8)
1 > Accept-Encoding: gzip,deflate


18:03:31.975 [pool-2-thread-2] DEBUG com.intuit.karate - request:
1 > POST https://api.clockify.me/api/v1/workspaces/6658fa08e4e4210690958492/clients
1 > x-api-key: ZjdkMjY5MmEtNGM1MS00ZTdiLTlmNzAtYjA4YmEyY2Q3OGVk
1 > Content-Type: application/json; charset=UTF-8
1 > Content-Length: 23
1 > Host: api.clockify.me
1 > Connection: Keep-Alive
1 > User-Agent: Apache-HttpClient/4.5.14 (Java/17.0.8)
1 > Accept-Encoding: gzip,deflate
{"name":"clientKarate"}

18:03:32.376 [pool-2-thread-4] DEBUG com.intuit.karate - response time in milliseconds: 755
1 < 200
1 < Date: Sat, 08 Jun 2024 21:03:32 GMT
1 < Content-Type: application/json
1 < Transfer-Encoding: chunked
1 < Connection: keep-alive
1 < Cache-Control: no-cache, no-store, max-age=0, must-revalidate
1 < Expected-Client-Version: 1.0.0
1 < Expires: 0
1 < Pragma: no-cache
1 < Strict-Transport-Security: max-age=31536000 ; includeSubDomains
1 < Vary: Origin
1 < Vary: Access-Control-Request-Method
1 < Vary: Access-Control-Request-Headers
1 < X-Auth-Checksum: b2f13ab25ead7d939b768a42cd5ba050da088a1058e76120afa944da95ecb22d
1 < X-Content-Type-Options: nosniff
1 < X-Frame-Options: DENY
1 < X-Xss-Protection: 0
[{"id":"661852bc9a7c235bdeccd1c0","name":"AAT - TP1 Gherkin","hourlyRate":{"amount":0,"currency":"USD"},"costRate":{"amount":0,"currency":"USD"},"memberships":[{"userId":"65383a07205d0441c5269f46","hourlyRate":null,"costRate":null,"targetId":"661852bc9a7c235bdeccd1c0","membershipType":"WORKSPACE","membershipStatus":"ACTIVE"}],"workspaceSettings":{"timeRoundingInReports":false,"onlyAdminsSeeBillableRates":true,"onlyAdminsCreateProject":true,"onlyAdminsSeeDashboard":false,"defaultBillableProjects":true,"lockTimeEntries":null,"lockTimeZone":null,"round":{"round":"Round to nearest","minutes":"15"},"projectFavorites":true,"canSeeTimeSheet":false,"canSeeTracker":true,"projectPickerSpecialFilter":false,"forceProjects":false,"forceTasks":false,"forceTags":false,"forceDescription":false,"onlyAdminsSeeAllTimeEntries":false,"onlyAdminsSeePublicProjectsEntries":false,"trackTimeDownToSecond":true,"projectGroupingLabel":"client","adminOnlyPages":[],"automaticLock":null,"onlyAdminsCreateTag":false,"onlyAdminsCreateTask":false,"timeTrackingMode":"DEFAULT","multiFactorEnabled":false,"numberFormat":"PERIOD_COMMA","currencyFormat":"VALUE_SPACE_CURRENCY","decimalFormat":false,"isProjectPublicByDefault":true},"imageUrl":"","featureSubscriptionType":"FREE","features":["KIOSK","TIME_TRACKING"],"currencies":[{"id":"661852bc9a7c235bdeccd1c1","code":"USD","isDefault":true}],"subdomain":{"name":null,"enabled":false}},{"id":"6631a76d5e8ef3683b67dcc6","name":"TP3_WEB","hourlyRate":{"amount":0,"currency":"USD"},"costRate":{"amount":0,"currency":"USD"},"memberships":[{"userId":"65383a07205d0441c5269f46","hourlyRate":null,"costRate":null,"targetId":"6631a76d5e8ef3683b67dcc6","membershipType":"WORKSPACE","membershipStatus":"ACTIVE"}],"workspaceSettings":{"timeRoundingInReports":false,"onlyAdminsSeeBillableRates":true,"onlyAdminsCreateProject":true,"onlyAdminsSeeDashboard":false,"defaultBillableProjects":false,"lockTimeEntries":null,"lockTimeZone":null,"round":{"round":"Round to nearest","minutes":"15"},"projectFavorites":true,"canSeeTimeSheet":false,"canSeeTracker":true,"projectPickerSpecialFilter":false,"forceProjects":false,"forceTasks":false,"forceTags":false,"forceDescription":false,"onlyAdminsSeeAllTimeEntries":false,"onlyAdminsSeePublicProjectsEntries":false,"trackTimeDownToSecond":true,"projectGroupingLabel":"client","adminOnlyPages":[],"automaticLock":null,"onlyAdminsCreateTag":false,"onlyAdminsCreateTask":false,"timeTrackingMode":"DEFAULT","multiFactorEnabled":false,"numberFormat":"PERIOD_COMMA","currencyFormat":"VALUE_SPACE_CURRENCY","decimalFormat":false,"isProjectPublicByDefault":true},"imageUrl":"","featureSubscriptionType":"FREE","features":["KIOSK","TIME_TRACKING"],"currencies":[{"id":"6631a76d5e8ef3683b67dcc7","code":"USD","isDefault":true}],"subdomain":{"name":null,"enabled":false}},{"id":"66334784fdaf936e90223d5f","name":"workspace_KncxI","hourlyRate":{"amount":0,"currency":"USD"},"costRate":{"amount":0,"currency":"USD"},"memberships":[{"userId":"65383a07205d0441c5269f46","hourlyRate":null,"costRate":null,"targetId":"66334784fdaf936e90223d5f","membershipType":"WORKSPACE","membershipStatus":"ACTIVE"}],"workspaceSettings":{"timeRoundingInReports":false,"onlyAdminsSeeBillableRates":true,"onlyAdminsCreateProject":true,"onlyAdminsSeeDashboard":false,"defaultBillableProjects":true,"lockTimeEntries":null,"lockTimeZone":null,"round":{"round":"Round to nearest","minutes":"15"},"projectFavorites":true,"canSeeTimeSheet":false,"canSeeTracker":true,"projectPickerSpecialFilter":false,"forceProjects":false,"forceTasks":false,"forceTags":false,"forceDescription":false,"onlyAdminsSeeAllTimeEntries":false,"onlyAdminsSeePublicProjectsEntries":false,"trackTimeDownToSecond":true,"projectGroupingLabel":"client","adminOnlyPages":[],"automaticLock":null,"onlyAdminsCreateTag":false,"onlyAdminsCreateTask":false,"timeTrackingMode":"DEFAULT","multiFactorEnabled":false,"numberFormat":"PERIOD_COMMA","currencyFormat":"VALUE_SPACE_CURRENCY","decimalFormat":false,"isProjectPublicByDefault":true},"imageUrl":"","featureSubscriptionType":"FREE","features":["KIOSK","TIME_TRACKING"],"currencies":[{"id":"66334784fdaf936e90223d60","code":"USD","isDefault":true}],"subdomain":{"name":null,"enabled":false}},{"id":"6637d1a55e8ef3683be25af9","name":"TP4_LowCode","hourlyRate":{"amount":0,"currency":"USD"},"costRate":{"amount":0,"currency":"USD"},"memberships":[{"userId":"65383a07205d0441c5269f46","hourlyRate":null,"costRate":null,"targetId":"6637d1a55e8ef3683be25af9","membershipType":"WORKSPACE","membershipStatus":"ACTIVE"}],"workspaceSettings":{"timeRoundingInReports":false,"onlyAdminsSeeBillableRates":true,"onlyAdminsCreateProject":true,"onlyAdminsSeeDashboard":false,"defaultBillableProjects":true,"lockTimeEntries":null,"lockTimeZone":null,"round":{"round":"Round to nearest","minutes":"15"},"projectFavorites":true,"canSeeTimeSheet":false,"canSeeTracker":true,"projectPickerSpecialFilter":false,"forceProjects":false,"forceTasks":false,"forceTags":false,"forceDescription":false,"onlyAdminsSeeAllTimeEntries":false,"onlyAdminsSeePublicProjectsEntries":false,"trackTimeDownToSecond":true,"projectGroupingLabel":"client","adminOnlyPages":[],"automaticLock":null,"onlyAdminsCreateTag":false,"onlyAdminsCreateTask":false,"timeTrackingMode":"DEFAULT","multiFactorEnabled":false,"numberFormat":"PERIOD_COMMA","currencyFormat":"VALUE_SPACE_CURRENCY","decimalFormat":false,"isProjectPublicByDefault":true},"imageUrl":"","featureSubscriptionType":"FREE","features":["KIOSK","TIME_TRACKING"],"currencies":[{"id":"6637d1a55e8ef3683be25afa","code":"USD","isDefault":true}],"subdomain":{"name":null,"enabled":false}},{"id":"663d46cae45cba7471bfe206","name":"TP5_LowCode","hourlyRate":{"amount":0,"currency":"USD"},"costRate":{"amount":0,"currency":"USD"},"memberships":[{"userId":"65383a07205d0441c5269f46","hourlyRate":null,"costRate":null,"targetId":"663d46cae45cba7471bfe206","membershipType":"WORKSPACE","membershipStatus":"ACTIVE"}],"workspaceSettings":{"timeRoundingInReports":false,"onlyAdminsSeeBillableRates":true,"onlyAdminsCreateProject":true,"onlyAdminsSeeDashboard":false,"defaultBillableProjects":true,"lockTimeEntries":null,"lockTimeZone":null,"round":{"round":"Round to nearest","minutes":"15"},"projectFavorites":true,"canSeeTimeSheet":false,"canSeeTracker":true,"projectPickerSpecialFilter":false,"forceProjects":false,"forceTasks":false,"forceTags":false,"forceDescription":false,"onlyAdminsSeeAllTimeEntries":false,"onlyAdminsSeePublicProjectsEntries":false,"trackTimeDownToSecond":true,"projectGroupingLabel":"client","adminOnlyPages":[],"automaticLock":null,"onlyAdminsCreateTag":false,"onlyAdminsCreateTask":false,"timeTrackingMode":"DEFAULT","multiFactorEnabled":false,"numberFormat":"PERIOD_COMMA","currencyFormat":"VALUE_SPACE_CURRENCY","decimalFormat":false,"isProjectPublicByDefault":true},"imageUrl":"","featureSubscriptionType":"FREE","features":["KIOSK","TIME_TRACKING"],"currencies":[{"id":"663d46cae45cba7471bfe207","code":"USD","isDefault":true}],"subdomain":{"name":null,"enabled":false}},{"id":"6658b4606b12ad6955eddf60","name":"Created for TP5","hourlyRate":{"amount":0,"currency":"USD"},"costRate":{"amount":0,"currency":"USD"},"memberships":[{"userId":"65383a07205d0441c5269f46","hourlyRate":null,"costRate":null,"targetId":"6658b4606b12ad6955eddf60","membershipType":"WORKSPACE","membershipStatus":"ACTIVE"}],"workspaceSettings":{"timeRoundingInReports":false,"onlyAdminsSeeBillableRates":true,"onlyAdminsCreateProject":true,"onlyAdminsSeeDashboard":false,"defaultBillableProjects":true,"lockTimeEntries":null,"lockTimeZone":null,"round":{"round":"Round to nearest","minutes":"15"},"projectFavorites":true,"canSeeTimeSheet":false,"canSeeTracker":true,"projectPickerSpecialFilter":false,"forceProjects":false,"forceTasks":false,"forceTags":false,"forceDescription":false,"onlyAdminsSeeAllTimeEntries":false,"onlyAdminsSeePublicProjectsEntries":false,"trackTimeDownToSecond":true,"projectGroupingLabel":"client","adminOnlyPages":[],"automaticLock":null,"onlyAdminsCreateTag":false,"onlyAdminsCreateTask":false,"timeTrackingMode":"DEFAULT","multiFactorEnabled":false,"numberFormat":"PERIOD_COMMA","currencyFormat":"VALUE_SPACE_CURRENCY","decimalFormat":false,"isProjectPublicByDefault":true},"imageUrl":"","featureSubscriptionType":"FREE","features":["KIOSK","TIME_TRACKING"],"currencies":[{"id":"6658b4606b12ad6955eddf61","code":"USD","isDefault":true}],"subdomain":{"name":null,"enabled":false}},{"id":"6658fa08e4e4210690958492","name":"TP11_Karate","hourlyRate":{"amount":0,"currency":"USD"},"costRate":{"amount":0,"currency":"USD"},"memberships":[{"userId":"65383a07205d0441c5269f46","hourlyRate":null,"costRate":null,"targetId":"6658fa08e4e4210690958492","membershipType":"WORKSPACE","membershipStatus":"ACTIVE"}],"workspaceSettings":{"timeRoundingInReports":false,"onlyAdminsSeeBillableRates":true,"onlyAdminsCreateProject":true,"onlyAdminsSeeDashboard":false,"defaultBillableProjects":true,"lockTimeEntries":null,"lockTimeZone":null,"round":{"round":"Round to nearest","minutes":"15"},"projectFavorites":true,"canSeeTimeSheet":true,"canSeeTracker":true,"projectPickerSpecialFilter":false,"forceProjects":true,"forceTasks":false,"forceTags":false,"forceDescription":false,"onlyAdminsSeeAllTimeEntries":false,"onlyAdminsSeePublicProjectsEntries":false,"trackTimeDownToSecond":true,"projectGroupingLabel":"client","adminOnlyPages":[],"automaticLock":null,"onlyAdminsCreateTag":false,"onlyAdminsCreateTask":false,"timeTrackingMode":"DEFAULT","multiFactorEnabled":false,"numberFormat":"PERIOD_COMMA","currencyFormat":"VALUE_SPACE_CURRENCY","decimalFormat":false,"isProjectPublicByDefault":true},"imageUrl":"","featureSubscriptionType":"FREE","features":["KIOSK","TIME_TRACKING"],"currencies":[{"id":"6658fa08e4e4210690958493","code":"USD","isDefault":true}],"subdomain":{"name":null,"enabled":false}}]

18:03:32.380 [pool-2-thread-4] INFO  com.intuit.karate - [print] Workspace  TP11_Karate  with ID  6658fa08e4e4210690958492  was selected 
18:03:32.384 [pool-2-thread-4] DEBUG com.intuit.karate - request:
1 > GET https://api.clockify.me/api/v1/workspaces/6658fa08e4e4210690958492/clients
1 > x-api-key: ZjdkMjY5MmEtNGM1MS00ZTdiLTlmNzAtYjA4YmEyY2Q3OGVk
1 > Host: api.clockify.me
1 > Connection: Keep-Alive
1 > User-Agent: Apache-HttpClient/4.5.14 (Java/17.0.8)
1 > Accept-Encoding: gzip,deflate


18:03:32.423 [pool-2-thread-3] DEBUG com.intuit.karate - response time in milliseconds: 741
1 < 200
1 < Date: Sat, 08 Jun 2024 21:03:32 GMT
1 < Content-Type: application/json
1 < Content-Length: 2
1 < Connection: keep-alive
1 < Cache-Control: no-cache, no-store, max-age=0, must-revalidate
1 < Expected-Client-Version: 1.0.0
1 < Expires: 0
1 < Pragma: no-cache
1 < Strict-Transport-Security: max-age=31536000 ; includeSubDomains
1 < Vary: Origin
1 < Vary: Access-Control-Request-Method
1 < Vary: Access-Control-Request-Headers
1 < X-Auth-Checksum: b2f13ab25ead7d939b768a42cd5ba050da088a1058e76120afa944da95ecb22d
1 < X-Content-Type-Options: nosniff
1 < X-Frame-Options: DENY
1 < X-Xss-Protection: 0
[]

18:03:32.428 [pool-2-thread-5] DEBUG com.intuit.karate - response time in milliseconds: 738
1 < 200
1 < Date: Sat, 08 Jun 2024 21:03:32 GMT
1 < Content-Type: application/json
1 < Content-Length: 904
1 < Connection: keep-alive
1 < Cache-Control: no-cache, no-store, max-age=0, must-revalidate
1 < Expected-Client-Version: 1.0.0
1 < Expires: 0
1 < Pragma: no-cache
1 < Strict-Transport-Security: max-age=31536000 ; includeSubDomains
1 < Vary: Origin
1 < Vary: Access-Control-Request-Method
1 < Vary: Access-Control-Request-Headers
1 < X-Auth-Checksum: b2f13ab25ead7d939b768a42cd5ba050da088a1058e76120afa944da95ecb22d
1 < X-Content-Type-Options: nosniff
1 < X-Frame-Options: DENY
1 < X-Xss-Protection: 0
[{"id":"6661e259c2c9cc1caaa4034b","description":"test_entry","tagIds":null,"userId":"65383a07205d0441c5269f46","billable":true,"taskId":null,"projectId":null,"workspaceId":"6658fa08e4e4210690958492","timeInterval":{"start":"2024-06-03T16:09:00Z","end":"2024-06-03T17:00:00Z","duration":"PT51M"},"customFieldValues":[],"type":"REGULAR","kioskId":null,"hourlyRate":{"amount":0,"currency":"USD"},"costRate":{"amount":0,"currency":"USD"},"isLocked":false},{"id":"6661ea6585def31fcdc7e549","description":"test_entry_2","tagIds":null,"userId":"65383a07205d0441c5269f46","billable":true,"taskId":null,"projectId":null,"workspaceId":"6658fa08e4e4210690958492","timeInterval":{"start":"2024-06-01T11:00:00Z","end":"2024-06-01T17:00:00Z","duration":"PT6H"},"customFieldValues":[],"type":"REGULAR","kioskId":null,"hourlyRate":{"amount":0,"currency":"USD"},"costRate":{"amount":0,"currency":"USD"},"isLocked":false}]

18:03:32.596 [pool-2-thread-5] INFO  com.intuit.karate - [print] Total Hours: 6.85 
18:03:32.729 [pool-2-thread-2] DEBUG com.intuit.karate - response time in milliseconds: 753
1 < 201
1 < Date: Sat, 08 Jun 2024 21:03:32 GMT
1 < Content-Type: application/json
1 < Content-Length: 214
1 < Connection: keep-alive
1 < Cache-Control: no-cache, no-store, max-age=0, must-revalidate
1 < Expected-Client-Version: 1.0.0
1 < Expires: 0
1 < Pragma: no-cache
1 < Strict-Transport-Security: max-age=31536000 ; includeSubDomains
1 < Vary: Origin
1 < Vary: Access-Control-Request-Method
1 < Vary: Access-Control-Request-Headers
1 < X-Auth-Checksum: b2f13ab25ead7d939b768a42cd5ba050da088a1058e76120afa944da95ecb22d
1 < X-Content-Type-Options: nosniff
1 < X-Frame-Options: DENY
1 < X-Xss-Protection: 0
{"id":"6664c724f693e03d7e2ece93","name":"clientKarate","email":null,"workspaceId":"6658fa08e4e4210690958492","archived":false,"address":null,"note":null,"currencyId":"6658fa08e4e4210690958493","currencyCode":"USD"}

18:03:33.140 [pool-2-thread-4] DEBUG com.intuit.karate - response time in milliseconds: 755
1 < 200
1 < Date: Sat, 08 Jun 2024 21:03:33 GMT
1 < Content-Type: application/json
1 < Content-Length: 216
1 < Connection: keep-alive
1 < Cache-Control: no-cache, no-store, max-age=0, must-revalidate
1 < Expected-Client-Version: 1.0.0
1 < Expires: 0
1 < Pragma: no-cache
1 < Strict-Transport-Security: max-age=31536000 ; includeSubDomains
1 < Vary: Origin
1 < Vary: Access-Control-Request-Method
1 < Vary: Access-Control-Request-Headers
1 < X-Auth-Checksum: b2f13ab25ead7d939b768a42cd5ba050da088a1058e76120afa944da95ecb22d
1 < X-Content-Type-Options: nosniff
1 < X-Frame-Options: DENY
1 < X-Xss-Protection: 0
[{"id":"6664c724f693e03d7e2ece93","name":"clientKarate","email":null,"workspaceId":"6658fa08e4e4210690958492","archived":false,"address":null,"note":null,"currencyId":"6658fa08e4e4210690958493","currencyCode":"USD"}]

18:03:33.156 [pool-2-thread-4] DEBUG com.intuit.karate - request:
1 > POST https://api.clockify.me/api/v1/workspaces/6658fa08e4e4210690958492/projects
1 > x-api-key: ZjdkMjY5MmEtNGM1MS00ZTdiLTlmNzAtYjA4YmEyY2Q3OGVk
1 > Content-Type: application/json; charset=UTF-8
1 > Content-Length: 63
1 > Host: api.clockify.me
1 > Connection: Keep-Alive
1 > User-Agent: Apache-HttpClient/4.5.14 (Java/17.0.8)
1 > Accept-Encoding: gzip,deflate
{"name":"Project Karate","clientId":"6664c724f693e03d7e2ece93"}

18:03:33.915 [pool-2-thread-4] DEBUG com.intuit.karate - response time in milliseconds: 757
1 < 201
1 < Date: Sat, 08 Jun 2024 21:03:33 GMT
1 < Content-Type: application/json
1 < Content-Length: 711
1 < Connection: keep-alive
1 < Cache-Control: no-cache, no-store, max-age=0, must-revalidate
1 < Expected-Client-Version: 1.0.0
1 < Expires: 0
1 < Pragma: no-cache
1 < Strict-Transport-Security: max-age=31536000 ; includeSubDomains
1 < Vary: Origin
1 < Vary: Access-Control-Request-Method
1 < Vary: Access-Control-Request-Headers
1 < X-Auth-Checksum: b2f13ab25ead7d939b768a42cd5ba050da088a1058e76120afa944da95ecb22d
1 < X-Content-Type-Options: nosniff
1 < X-Frame-Options: DENY
1 < X-Xss-Protection: 0
{"id":"6664c725f693e03d7e2ece98","name":"Project Karate","hourlyRate":{"amount":0,"currency":"USD"},"clientId":"6664c724f693e03d7e2ece93","workspaceId":"6658fa08e4e4210690958492","billable":true,"memberships":[{"userId":"65383a07205d0441c5269f46","hourlyRate":null,"costRate":null,"targetId":"6664c725f693e03d7e2ece98","membershipType":"PROJECT","membershipStatus":"ACTIVE"}],"color":"#3F51B5","estimate":{"estimate":"PT0S","type":"AUTO"},"archived":false,"duration":"PT0S","clientName":"clientKarate","note":"","costRate":null,"timeEstimate":{"estimate":"PT0S","type":"AUTO","resetOption":null,"active":false,"includeNonBillable":true},"budgetEstimate":null,"estimateReset":null,"template":false,"public":true}

18:03:33.942 [pool-2-thread-4] INFO  com.intuit.karate - [print] Proyect was assigned to clientKarate 
---------------------------------------------------------
feature: classpath:examples/clockifyTP11/clockify.feature
scenarios:  5 | passed:  5 | failed:  0 | time: 16.7670
---------------------------------------------------------

18:03:35.640 [pool-3-thread-1] INFO  com.intuit.karate.Suite - <<pass>> feature 1 of 1 (0 remaining) classpath:examples/clockifyTP11/clockify.feature
Karate version: 1.4.0
======================================================
elapsed:   9.12 | threads:    5 | thread time: 16.77 
features:     1 | skipped:    0 | efficiency: 0.37
scenarios:    5 | passed:     5 | failed: 0
======================================================

HTML report: (paste into browser to view) | Karate version: 1.4.0
file:///C:/Users/riido/Documents/Development/2024/AAT-2024-Crowdar/TP11_karate/AAT-TP11-karate/target/karate-reports/karate-summary.html
===================================================================

]]></system-out>
  </testcase>
</testsuite>